Base path: C:/Program Files/Unity/Editor/Data
Cmd: initializeCompiler
Cmd: preprocess
  insize=1660 outsize=382 ok=1
Cmd: preprocess
  insize=2528 outsize=791 ok=1
Cmd: preprocess
  insize=840 outsize=377 ok=1
Cmd: preprocess
  insize=877 outsize=366 ok=1
Cmd: preprocess
  insize=1901 outsize=623 ok=1
Cmd: preprocess
  error: 2 plat 20 at (33): Can't find include file Assets/Light2D/Resources/Shaders/LightBase.cginc
  insize=2474 outsize=788 ok=0
Cmd: preprocess
  error: 2 plat 20 at (30): Can't find include file Assets/Light2D/Resources/Shaders/LightBase.cginc
  insize=960 outsize=623 ok=0
Cmd: preprocess
  error: 2 plat 20 at (30): Can't find include file Assets/Light2D/Resources/Shaders/LightBase.cginc
  insize=960 outsize=622 ok=0
Cmd: preprocess
  insize=1270 outsize=625 ok=1
Cmd: preprocess
  insize=868 outsize=355 ok=1
Cmd: preprocess
  insize=1580 outsize=689 ok=1
Cmd: preprocess
  insize=1800 outsize=439 ok=1
Cmd: preprocess
  error: 2 plat 20 at (30): Can't find include file Assets/Light2D/Resources/Shaders/LightBase.cginc
  insize=960 outsize=623 ok=0
Cmd: preprocess
  insize=305 outsize=305 ok=1
Cmd: preprocess
  error: 2 plat 20 at (30): Can't find include file Assets/Light2D/Resources/Shaders/LightBase.cginc
  insize=960 outsize=623 ok=0
Cmd: preprocess
  error: 2 plat 20 at (30): Can't find include file Assets/Light2D/Resources/Shaders/LightBase.cginc
  insize=960 outsize=623 ok=0
Cmd: preprocess
  error: 2 plat 20 at (30): Can't find include file Assets/Light2D/Resources/Shaders/LightBase.cginc
  insize=958 outsize=621 ok=0
Cmd: preprocess
  insize=1614 outsize=806 ok=1
Cmd: preprocess
  insize=2549 outsize=812 ok=1
Cmd: preprocess
  error: 2 plat 20 at (30): Can't find include file Assets/Light2D/Resources/Shaders/LightBase.cginc
  insize=960 outsize=622 ok=0
Cmd: preprocess
  insize=2577 outsize=685 ok=1
Cmd: preprocess
  insize=1923 outsize=657 ok=1
Cmd: preprocess
  error: 2 plat 20 at (30): Can't find include file Assets/Light2D/Resources/Shaders/LightBase.cginc
  insize=960 outsize=623 ok=0
Cmd: preprocess
  insize=1660 outsize=382 ok=1
Cmd: preprocess
  insize=2528 outsize=791 ok=1
Cmd: preprocess
  insize=840 outsize=377 ok=1
Cmd: preprocess
  insize=877 outsize=366 ok=1
Cmd: preprocess
  insize=1901 outsize=623 ok=1
Cmd: preprocess
  error: 2 plat 20 at (33): Can't find include file Assets/Light2D/Resources/Shaders/LightBase.cginc
  insize=2474 outsize=788 ok=0
Cmd: preprocess
  error: 2 plat 20 at (30): Can't find include file Assets/Light2D/Resources/Shaders/LightBase.cginc
  insize=960 outsize=623 ok=0
Cmd: preprocess
  error: 2 plat 20 at (30): Can't find include file Assets/Light2D/Resources/Shaders/LightBase.cginc
  insize=960 outsize=622 ok=0
Cmd: preprocess
  insize=1270 outsize=625 ok=1
Cmd: preprocess
  insize=868 outsize=355 ok=1
Cmd: preprocess
  insize=1580 outsize=689 ok=1
Cmd: preprocess
  insize=1800 outsize=439 ok=1
Cmd: preprocess
  error: 2 plat 20 at (30): Can't find include file Assets/Light2D/Resources/Shaders/LightBase.cginc
  insize=960 outsize=623 ok=0
Cmd: preprocess
  insize=305 outsize=305 ok=1
Cmd: preprocess
  error: 2 plat 20 at (30): Can't find include file Assets/Light2D/Resources/Shaders/LightBase.cginc
  insize=960 outsize=623 ok=0
Cmd: preprocess
  error: 2 plat 20 at (30): Can't find include file Assets/Light2D/Resources/Shaders/LightBase.cginc
  insize=960 outsize=623 ok=0
Cmd: preprocess
  error: 2 plat 20 at (30): Can't find include file Assets/Light2D/Resources/Shaders/LightBase.cginc
  insize=958 outsize=621 ok=0
Cmd: preprocess
  insize=1614 outsize=806 ok=1
Cmd: preprocess
  insize=2549 outsize=812 ok=1
Cmd: preprocess
  error: 2 plat 20 at (30): Can't find include file Assets/Light2D/Resources/Shaders/LightBase.cginc
  insize=960 outsize=622 ok=0
Cmd: preprocess
  insize=2577 outsize=685 ok=1
Cmd: preprocess
  insize=1923 outsize=657 ok=1
Cmd: preprocess
  error: 2 plat 20 at (30): Can't find include file Assets/Light2D/Resources/Shaders/LightBase.cginc
  insize=960 outsize=623 ok=0
